[Warning]22:23:21.807 <color=#0099bc><b>DOTWEEN ► </b></color>An error inside a tween callback was silently taken care of (Void ChangeIcon()) ► Object reference not set to an instance of an object

  at LeftControl.ChangeIcon () [0x0000c] in F:\Git\Client\Exhibition\Assets\Scripts\Uinty\UIControl\LeftControl.cs:119 
  at DG.Tweening.Tween.OnTweenCallback (DG.Tweening.TweenCallback callback, DG.Tweening.Tween t) [0x00007] in D:\DG\_Develop\__UNITY3_CLASSES\_Holoville\__DOTween\_DOTween.Assembly\DOTween\Tween.cs:295 


UnityEngine.Debug:LogWarning(Object)
DG.Tweening.Core.Debugger:LogWarning(Object, Tween) (at D:/DG/_Develop/__UNITY3_CLASSES/_Holoville/__DOTween/_DOTween.Assembly/DOTween/Core/Debugger.cs:46)
DG.Tweening.Tween:OnTweenCallback(TweenCallback, Tween) (at D:/DG/_Develop/__UNITY3_CLASSES/_Holoville/__DOTween/_DOTween.Assembly/DOTween/Tween.cs:298)
DG.Tweening.Tween:DoGoto(Tween, Single, Int32, UpdateMode) (at D:/DG/_Develop/__UNITY3_CLASSES/_Holoville/__DOTween/_DOTween.Assembly/DOTween/Tween.cs:274)
DG.Tweening.Core.TweenManager:Update(UpdateType, Single, Single) (at D:/DG/_Develop/__UNITY3_CLASSES/_Holoville/__DOTween/_DOTween.Assembly/DOTween/Core/TweenManager.cs:492)
DG.Tweening.Core.DOTweenComponent:Update() (at D:/DG/_Develop/__UNITY3_CLASSES/_Holoville/__DOTween/_DOTween.Assembly/DOTween/Core/DOTweenComponent.cs:75)

[Warning]22:23:50.461 A meta data file (.meta) exists but its asset 'Assets/Log/2022_11_06_21_56_40.log' can't be found. When moving or deleting files outside of Unity, please ensure that the corresponding .meta file is moved or deleted along with it.

[Warning]22:28:31.204 Assets\Scripts\Scanner\Livox\DeviceManager.cs(9,7): warning CS0105: The using directive for 'System.Threading.Tasks' appeared previously in this namespace

[Warning]22:28:31.204 Assets\Scripts\Scanner\Scanner\GL.cs(16,55): warning CS0108: 'GL.reply_process' hides inherited member 'Scanner.reply_process'. Use the new keyword if hiding was intended.

[Warning]22:28:31.205 Assets\Scripts\Scanner\Scanner\Triple.cs(15,58): warning CS0108: 'Triple.reply_process' hides inherited member 'Scanner.reply_process'. Use the new keyword if hiding was intended.

[Warning]22:28:31.205 Assets\Scripts\Scanner\Scanner\Triple.cs(112,32): warning CS0114: 'Triple.get_latest_scan()' hides inherited member 'Scanner.get_latest_scan()'. To make the current member override that implementation, add the override keyword. Otherwise add the new keyword.

[Warning]22:28:31.205 Assets\PhysicalDetection.cs(50,15): warning CS0219: The variable 'width' is assigned but its value is never used

[Warning]22:28:31.205 Assets\Scripts\Uinty\DataProcess\BlockManager.cs(107,35): warning CS0168: The variable 'e' is declared but never used

[Warning]22:28:31.206 Assets\Scripts\Uinty\DataProcess\GridDataPersistence.cs(32,30): warning CS0168: The variable 'e' is declared but never used

[Warning]22:28:31.206 Assets\Scripts\Scanner\PLC\ABPLCTool.cs(134,29): warning CS0168: The variable 'ex' is declared but never used

[Warning]22:28:31.206 Assets\Scripts\Scanner\PLC\ABPLCTool.cs(159,30): warning CS0168: The variable 'ex' is declared but never used

[Warning]22:28:31.206 Assets\Scripts\Uinty\DataProcess\GridDataPersistence.cs(46,13): warning CS0219: The variable 'colorTemp' is assigned but its value is never used

[Warning]22:28:31.206 Assets\Scripts\DataLoad.cs(149,34): warning CS0168: The variable 'e' is declared but never used

[Warning]22:28:31.206 Assets\Scripts\Calc.cs(140,26): warning CS0168: The variable 'e' is declared but never used

[Warning]22:28:31.207 Assets\PhysicalDetection.cs(72,14): warning CS0219: The variable 'result' is assigned but its value is never used

[Warning]22:28:31.207 Assets\Scripts\Uinty\Scanner\ScannerPoint.cs(189,27): warning CS0219: The variable 'matrix' is assigned but its value is never used

[Warning]22:28:31.207 Assets\Scripts\Uinty\Scanner\ScannerPoint.cs(190,28): warning CS0168: The variable 'quaternion' is declared but never used

[Warning]22:28:31.207 Assets\Scripts\Uinty\DataProcess\GridDataManager.cs(263,34): warning CS0168: The variable 'e' is declared but never used

[Warning]22:28:31.207 Assets\Scripts\Uinty\DataProcess\Data.cs(378,14): warning CS0219: The variable 'is_intersection' is assigned but its value is never used

[Warning]22:28:31.208 Assets\Scripts\DataLoad.cs(244,38): warning CS0168: The variable 'e' is declared but never used

[Warning]22:28:31.208 Assets\Scripts\Uinty\DataProcess\Data.cs(145,14): warning CS0219: The variable 'is_intersection' is assigned but its value is never used

[Warning]22:28:31.208 Assets\Scripts\Uinty\DataProcess\GridDataManager.cs(318,35): warning CS0168: The variable 'e' is declared but never used

[Warning]22:28:31.208 Assets\Scripts\Scanner\Livox\LivoxDevice.cs(61,17): warning CS1717: Assignment made to same variable; did you mean to assign something else?

[Warning]22:28:31.208 Assets\Scripts\Scanner\Scanner\Triple.cs(34,31): warning CS0168: The variable 'e' is declared but never used

[Warning]22:28:31.208 Assets\Scripts\Scanner\Communication\DataTransmission.cs(51,30): warning CS0168: The variable 'e' is declared but never used

[Warning]22:28:31.208 Assets\Scripts\Uinty\DataProcess\SpatialAnalysis.cs(382,34): warning CS0168: The variable 'e' is declared but never used

[Warning]22:28:31.208 Assets\Scripts\Uinty\DataProcess\SpatialAnalysis.cs(397,34): warning CS0168: The variable 'e' is declared but never used

[Warning]22:28:31.208 Assets\Scripts\DataProcess\DataProcess.cs(261,30): warning CS0168: The variable 'e' is declared but never used

[Warning]22:28:31.210 Assets\Scripts\Scanner\Communication\Server.cs(59,30): warning CS0168: The variable 'e' is declared but never used

[Warning]22:28:31.210 Assets\Scripts\Scanner\Scanner\GL.cs(28,30): warning CS0168: The variable 'e' is declared but never used

[Warning]22:28:31.210 Assets\Scripts\Scanner\Scanner\KYLE.cs(34,30): warning CS0168: The variable 'e' is declared but never used

[Warning]22:28:31.210 Assets\Scripts\Scanner\Scanner\Tele.cs(25,31): warning CS0168: The variable 'e' is declared but never used

[Warning]22:28:31.210 Assets\Scripts\Scanner\Scanner\SickScanner.cs(40,30): warning CS0168: The variable 'e' is declared but never used

[Warning]22:28:31.210 Assets\Scripts\Scanner\Communication\TCP.cs(166,34): warning CS0168: The variable 'e' is declared but never used

[Warning]22:28:31.210 Assets\Scripts\Scanner\Scanner\KYLE.cs(136,17): warning CS0219: The variable 'index' is assigned but its value is never used

[Warning]22:28:31.211 Assets\Scripts\Scanner\Util\CRC32.cs(55,39): warning CS0675: Bitwise-or operator used on a sign-extended operand; consider casting to a smaller unsigned type first

[Warning]22:28:31.211 Assets\Scripts\Scanner\Scanner\KYLE.cs(142,17): warning CS0219: The variable 'index' is assigned but its value is never used

[Warning]22:28:31.211 Assets\Scripts\Scanner\Scanner\KYLE.cs(153,17): warning CS0219: The variable 'index' is assigned but its value is never used

[Warning]22:28:31.211 Assets\Scripts\Scanner\Scanner\Triple.cs(181,17): warning CS0219: The variable 'index' is assigned but its value is never used

[Warning]22:28:31.211 Assets\Scripts\Scanner\Scanner\KYLE.cs(163,17): warning CS0219: The variable 'index' is assigned but its value is never used

[Warning]22:28:31.211 Assets\Scripts\Scanner\Livox\LivoxDevice.cs(371,50): warning CS0618: 'IPAddress.Address' is obsolete: 'This property has been deprecated. It is address family dependent. Please use IPAddress.Equals method to perform comparisons. http://go.microsoft.com/fwlink/?linkid=14202'

[Warning]22:28:31.211 Assets\Scripts\DataProcess\DataProcess.cs(628,30): warning CS0168: The variable 'e' is declared but never used

[Warning]22:28:31.211 Assets\Scripts\Uinty\DataProcess\SpatialAnalysis.cs(698,30): warning CS0168: The variable 'e' is declared but never used

[Warning]22:28:31.211 Assets\Scripts\Scanner\Scanner\SickScanner.cs(263,17): warning CS0219: The variable 'index' is assigned but its value is never used

[Warning]22:28:31.212 Assets\Scripts\Scanner\Scanner\SickScanner.cs(269,17): warning CS0219: The variable 'index' is assigned but its value is never used

[Warning]22:28:31.212 Assets\Scripts\Uinty\DataProcess\SpatialAnalysis.cs(735,30): warning CS0168: The variable 'e' is declared but never used

[Warning]22:28:31.212 Assets\Scripts\Scanner\Scanner\SickScanner.cs(280,17): warning CS0219: The variable 'index' is assigned but its value is never used

[Warning]22:28:31.212 Assets\Scripts\Scanner\Scanner\SickScanner.cs(290,17): warning CS0219: The variable 'index' is assigned but its value is never used

[Warning]22:28:31.212 Assets\Scripts\DataProcess\DataProcess.cs(697,30): warning CS0168: The variable 'e' is declared but never used

[Warning]22:28:31.212 Assets\Scripts\Uinty\DataProcess\SpatialAnalysis.cs(779,30): warning CS0168: The variable 'e' is declared but never used

[Warning]22:28:31.212 Assets\Scripts\DataProcess\DataProcess.cs(768,30): warning CS0168: The variable 'e' is declared but never used

[Warning]22:28:31.212 Assets\Scripts\Scanner\Serial\SerialCorrespond.cs(26,24): warning CS0649: Field 'SerialCorrespond.heartbeat_data' is never assigned to, and will always have its default value null

[Warning]22:28:31.213 Assets\Scripts\Scanner\Scanner\Scanner.cs(47,39): warning CS0649: Field 'Scanner.timer' is never assigned to, and will always have its default value null

[Warning]22:28:31.213 Assets\Scripts\Scanner\Communication\Server.cs(39,36): warning CS0649: Field 'Server.socket_dic' is never assigned to, and will always have its default value null

[Warning]22:28:31.213 Assets\Scripts\Scanner\Livox\LivoxDataStruct.cs(70,27): warning CS0649: Field 'DeviceInfo.command_address' is never assigned to, and will always have its default value null

[Warning]22:28:31.213 Assets\Scripts\Scanner\Livox\LivoxDataStruct.cs(67,23): warning CS0649: Field 'DeviceInfo.broadcast_code' is never assigned to, and will always have its default value null

[Warning]22:28:31.213 Assets\Scripts\Uinty\Scanner\ScannerPoint.cs(58,20): warning CS0649: Field 'ScannerPoint.holder' is never assigned to, and will always have its default value null

[Warning]22:28:31.213 Assets\Scripts\Uinty\Control\CameraControl.cs(60,23): warning CS0649: Field 'CameraControl.origin_target' is never assigned to, and will always have its default value null

[Warning]22:28:31.214 Assets\Scripts\Scanner\Livox\LivoxDataStruct.cs(69,27): warning CS0649: Field 'DeviceInfo.remote_address' is never assigned to, and will always have its default value null

[Warning]22:28:31.214 Assets\Scripts\Scanner\Scanner\Scanner.cs(33,29): warning CS0649: Field 'Scanner.device_status' is never assigned to, and will always have its default value 

[Warning]22:28:31.214 Assets\Scripts\Scanner\Livox\LivoxDataStruct.cs(71,27): warning CS0649: Field 'DeviceInfo.data_address' is never assigned to, and will always have its default value null

[Warning]22:28:31.214 Assets\Scripts\Scanner\Livox\LivoxDataStruct.cs(68,21): warning CS0649: Field 'DeviceInfo.dev_type' is never assigned to, and will always have its default value 0

[Warning]22:28:31.214 Assets\Scripts\Scanner\Serial\SerialDevice.cs(17,21): warning CS0414: The field 'SerialDevice<T>.used_index' is assigned but its value is never used

[Warning]22:28:31.214 Assets\Scripts\Scanner\Livox\LivoxDevice.cs(131,13): warning CS0414: The field 'LivoxDevice.index' is assigned but its value is never used

[Warning]22:28:31.215 Assets\Scripts\Scanner\Matrix\Matrixf.cs(15,16): warning CS0414: The field 'Matrixf.m13' is assigned but its value is never used

[Warning]22:28:31.215 Assets\Scripts\Scanner\Matrix\Matrixf.cs(23,16): warning CS0414: The field 'Matrixf.m33' is assigned but its value is never used

[Warning]22:28:31.215 Assets\Scripts\CreateData\CreateCoalYard.cs(7,11): warning CS0414: The field 'CreateCoalYard.coalyard_length' is assigned but its value is never used

[Warning]22:28:31.215 Assets\Scripts\Scanner\Communication\Correspond.cs(17,22): warning CS0414: The field 'Correspond.connected' is assigned but its value is never used

[Warning]22:28:31.215 Assets\Scripts\Scanner\Communication\Communication.cs(33,22): warning CS0414: The field 'Communication.heart_work' is assigned but its value is never used

[Warning]22:28:31.216 Assets\Scripts\Scanner\Livox\DeviceManager.cs(27,33): warning CS0414: The field 'DeviceManager.SensorPortOffset' is assigned but its value is never used

[Warning]22:28:31.216 Assets\Scripts\Scanner\Matrix\Matrixf.cs(19,16): warning CS0414: The field 'Matrixf.m23' is assigned but its value is never used

[Warning]22:28:31.216 Assets\Scripts\Scanner\Livox\LivoxDevice.cs(22,22): warning CS0414: The field 'LivoxDevice.connected' is assigned but its value is never used

[Warning]22:28:31.216 Assets\Scripts\CreateData\CreateCoalYard.cs(8,11): warning CS0414: The field 'CreateCoalYard.coalyard_width' is assigned but its value is never used

[Warning]22:28:31.216 Assets\Scripts\Scanner\Communication\Correspond.cs(23,22): warning CS0414: The field 'Correspond.heart_work' is assigned but its value is never used

[Warning]22:28:31.216 Assets\Scripts\Scanner\Matrix\Matrixf.cs(11,16): warning CS0414: The field 'Matrixf.m03' is assigned but its value is never used

[Warning]22:28:31.216 Assets\Scripts\Scanner\Serial\WIT.cs(21,21): warning CS0414: The field 'WIT.used_index' is assigned but its value is never used

[Warning]22:28:31.216 Assets\Scripts\Scanner\Serial\SerialCorrespond.cs(28,22): warning CS0414: The field 'SerialCorrespond.isOpen' is assigned but its value is never used

[Warning]22:28:31.217 Assets\Scripts\Communication\Test.cs(58,9): warning CS0414: The field 'Test.index' is assigned but its value is never used

